<?xml version="1.0" encoding="UTF-8"?>
<testsuite name="Tests" tests="1" skipped="0" failures="0" errors="0" timestamp="2021-03-05T14:59:58" hostname="Valentins-MacBook-Pro.local" time="0.056">
  <properties/>
  <testcase name="testString" classname="Tests" time="0.056"/>
  <system-out><![CDATA[]]></system-out>
  <system-err><![CDATA[]]></system-err>
</testsuite>
